<?xml version="1.0" encoding="UTF-8"?>
<testng-results ignored="0" total="1" passed="1" failed="0" skipped="0">
  <reporter-output>
  </reporter-output>
  <suite started-at="2024-11-10T16:03:51 IST" name="Default suite" finished-at="2024-11-10T16:03:57 IST" duration-ms="5932">
    <groups>
    </groups>
    <test started-at="2024-11-10T16:03:51 IST" name="Default test" finished-at="2024-11-10T16:03:57 IST" duration-ms="5932">
      <class name="testngpkg.Loginvalidation">
        <test-method is-config="true" signature="beforeTest()[pri:0, instance:testngpkg.Loginvalidation@26d9b808]" started-at="2024-11-10T16:03:51 IST" name="beforeTest" finished-at="2024-11-10T16:03:53 IST" duration-ms="1655" status="PASS">
          <reporter-output>
          </reporter-output>
        </test-method> <!-- beforeTest -->
        <test-method signature="main()[pri:0, instance:testngpkg.Loginvalidation@26d9b808]" started-at="2024-11-10T16:03:53 IST" name="main" finished-at="2024-11-10T16:03:57 IST" duration-ms="4244" status="PASS">
          <reporter-output>
          </reporter-output>
        </test-method> <!-- main -->
      </class> <!-- testngpkg.Loginvalidation -->
    </test> <!-- Default test -->
  </suite> <!-- Default suite -->
</testng-results>
